seliparterbang_
f1rtana
zroxofficial
ogbrit
petifalnagy
thebosh
coffeemakerzzz
bicji
weirdchampdan
brandib714
sammanone
hualiamavr
mission_matrix
zigguratchik
oskain1
gadgetlab
moilepoints
maiaromero8
kamalaysia
kite1002
echo_bricks
kingsforanime
monsterkicker027
calrican
redactedvirus
fundatothemoon
fundasmoon
jswole3
leafletwillow
cashei
arrbuzz
chrissey12
syrreall
enzorx_
mrgraipy
reccagt
itz_only_kiwi
vincehd_
shayminlover2
suitedmonk3y
aimin_
naowastaken
seasaltsawyer
not_kitsch
weewooraiju
videolikepro
iki_dp
enkolucas113
shiyu02
elpayo_
kentac0hut
pixelatedvoid_
ardemys
stephenrau
c0p1ous
inkbun
vamoxger
follow_the_dopamine
rowzbowz
petergregory69
lurker_lol
tinaaalooll
xillspo
arkham_reject_
cjfromnj
ralokt
kirbec
teamworm
10_in_1
d20k
daviih_eu
rowayourboat
scarranceterrence
mkaytea
aerosails217
elkmanpop
blackcat2759
swordior
invertedace
kungfosam
tap9997
j_martini_
thymiir
kiraa96
kugami_mageru
archeaic1578
toshibatoshamara
elektrikay
hcdenf
djbadmotives
leviathants
theunnamedgeneral
mighty_luftwaffles
jakob_o_o_
bradfordford
rustedring
mastersenseiguy
softserveboi
justgowiththat
laurenlee_a
park_jimins_husband
elvishye
10hournap
jenna_0rtega_simp
bubbabioop
nataliewastaken___
kodaio
justplainoldbob
this_is_slain
amber_grace24
jacobaugust1
deathranger999
dhyrex13
veromybeloved
dardhong
aglasis65
m1ss_m1sa_plays
obsididamn
biabug6
silentblade122
spaniardjr
goofiestgoober0
aniika_the_vi
lazyace_gaming
purplesquare13
alltamoose
walkietalkietesticless
dontrajik
toad_sage_jiraiya
sirpigster
possealmonus
fastro123
colemakissuperior
quinnsu
kroximaxi
drefargraykiym
lizkang
xmey
ravifennec
nyderagar
razzia7
purplejacketguy
danthememe420
henryg19
juliasanch
dannie_valdez
to3s69420
walkerspider
theadekin
mattchachills
chantalli_w
melochondria
dumbstupids
ryancba
kuleniks
erickiller101
phielive
yyam5522
brusselssprouts
lep19
ssushiki
evan_gao
dingranne
evansreeldeel
kurraga
clutchcrew
zayn_ian
serkian
minesweepergod123
dirtydion7
jrdsandstorm
bzinga_
ravenatmos
grumpygraingergurl
sadbobaboii
alandiscordia
elsuh
xmukei
toonjam10
redstratuscloud
nightishere97
princeporo22
indigomage25
nancymeena
kayy_a
furiouscupcake
red_rushi
jkjungkookjk
amazaun
killerarcanist
rawunprocessedcotton
youngmight77
bignutboii
redalps
swivet
ardmore_
anonymousbowtie
granttank
rohang0
darkzed
kiraalt96
spiritpyx
halfbloodwitch
juwuuulie
alchem2
emeraldone87
tubatomato
testbot1230123
spiderbridge1
weeweepenguin
hobbitender
squazzo118
therealshellos
herafomina
benstrawstoo
rocket_man42069
gcheese22
gotcha4144
warhawk_0101